<?xml version="1.0" encoding="UTF-8"?>
<!-- Generated by org.testng.reporters.JUnitReportReporter -->
<testsuite hostname="DESKTOP-8JLKFVT" failures="0" tests="1" name="automation.OpenUrl" time="1.450" errors="0" timestamp="2024-08-08T16:55:19 BDT" skipped="0">
  <testcase classname="automation.OpenUrl" name="testUrl" time="1.450"/>
</testsuite> <!-- automation.OpenUrl -->
