<?xml version="1.0" encoding="UTF-8"?>
<!-- Generated by org.testng.reporters.JUnitReportReporter -->
<testsuite hostname="DESKTOP-8JLKFVT" failures="0" tests="1" name="automation.InteractingWithWebElements" time="31.672" errors="0" timestamp="2024-08-12T20:51:28 BDT" skipped="0">
  <testcase classname="automation.InteractingWithWebElements" name="textElement" time="31.672"/>
</testsuite> <!-- automation.InteractingWithWebElements -->
