<?xml version="1.0" encoding="UTF-8"?>
<!-- Generated by org.testng.reporters.JUnitReportReporter -->
<testsuite hostname="DESKTOP-8JLKFVT" failures="0" tests="1" name="automation.ActionClass" time="43.088" errors="0" timestamp="2024-08-14T21:56:05 BDT" skipped="0">
  <testcase classname="automation.ActionClass" name="actionSelectClass" time="43.088"/>
</testsuite> <!-- automation.ActionClass -->
