<?xml version="1.0" encoding="UTF-8"?>
<!-- Generated by org.testng.reporters.JUnitReportReporter -->
<testsuite hostname="DESKTOP-8JLKFVT" failures="0" tests="1" name="automation.SelectClass" time="25.418" errors="0" timestamp="2024-08-14T23:05:54 BDT" skipped="0">
  <testcase classname="automation.SelectClass" name="selectClassMethod" time="25.418"/>
</testsuite> <!-- automation.SelectClass -->
