<?xml version="1.0" encoding="UTF-8"?>
<!-- Generated by org.testng.reporters.JUnitReportReporter -->
<testsuite hostname="DESKTOP-8JLKFVT" failures="0" tests="1" name="automation.BrowserCommands" time="47.766" errors="0" timestamp="2024-08-12T22:10:05 BDT" skipped="0">
  <testcase classname="automation.BrowserCommands" name="classNameLocators" time="47.766"/>
</testsuite> <!-- automation.BrowserCommands -->
