<?xml version="1.0" encoding="UTF-8"?>
<!-- Generated by org.testng.reporters.JUnitReportReporter -->
<testsuite hostname="DESKTOP-8JLKFVT" failures="0" tests="1" name="automation.HandlingAlerts" time="74.182" errors="0" timestamp="2024-08-13T22:47:04 BDT" skipped="0">
  <testcase classname="automation.HandlingAlerts" name="alert" time="74.182"/>
</testsuite> <!-- automation.HandlingAlerts -->
