<?xml version="1.0" encoding="UTF-8"?>
<!-- Generated by org.testng.reporters.JUnitReportReporter -->
<testsuite hostname="DESKTOP-8JLKFVT" failures="0" tests="1" name="automation.NavigationExamples" time="57.491" errors="0" timestamp="2024-08-13T14:50:50 BDT" skipped="0">
  <testcase classname="automation.NavigationExamples" name="classNameLocators" time="57.491"/>
</testsuite> <!-- automation.NavigationExamples -->
