<?xml version="1.0" encoding="UTF-8"?>
<!-- Generated by org.testng.reporters.JUnitReportReporter -->
<testsuite hostname="DESKTOP-8JLKFVT" failures="0" tests="1" name="automation.LocatorsExamples" time="33.008" errors="0" timestamp="2024-08-13T11:48:03 BDT" skipped="0">
  <testcase classname="automation.LocatorsExamples" name="classNameLocators" time="33.008"/>
</testsuite> <!-- automation.LocatorsExamples -->
