<?xml version="1.0" encoding="UTF-8"?>
<!-- Generated by org.testng.reporters.JUnitReportReporter -->
<testsuite hostname="DESKTOP-8JLKFVT" failures="0" tests="1" name="automation.TestNGExamples" time="0.009" errors="0" timestamp="2024-08-10T19:24:54 BDT" skipped="0">
  <testcase classname="automation.TestNGExamples" name="test" time="0.009"/>
</testsuite> <!-- automation.TestNGExamples -->
